<?xml version="1.0" encoding="UTF-8"?>
<!-- Generated by org.testng.reporters.JUnitXMLReporter -->
<testsuite ignored="0" hostname="L-INE-5N15T93" failures="1" tests="7" name="Chrome" time="31.715" errors="0" timestamp="2025-10-16T13:16:13 IST">
  <testcase classname="com.E_Commerce.tests.RegistrationPageTest" name="Register" time="3.007"/>
  <testcase classname="com.E_Commerce.tests.RegistrationPageTest" name="Register" time="4.519"/>
  <testcase classname="com.E_Commerce.tests.RegistrationPageTest" name="Register" time="2.295"/>
  <testcase classname="com.E_Commerce.tests.RegistrationPageTest" name="Register" time="1.218"/>
  <testcase classname="com.E_Commerce.tests.RegistrationPageTest" name="Register" time="3.36"/>
  <testcase classname="com.E_Commerce.tests.RegistrationPageTest" name="Register" time="2.125"/>
  <testcase classname="com.E_Commerce.tests.LoginPageTest" name="login" time="0.006">
    <failure type="java.io.FileNotFoundException" message="src\test\ resources\config.properties (The system cannot find the path specified)">
      <![CDATA[java.io.FileNotFoundException: src\test\ resources\config.properties (The system cannot find the path specified)
at java.base/java.io.FileInputStream.open0(Native Method)
at java.base/java.io.FileInputStream.open(FileInputStream.java:219)
at java.base/java.io.FileInputStream.<init>(FileInputStream.java:158)
at java.base/java.io.FileInputStream.<init>(FileInputStream.java:112)
at com.E_Commerce.tests.LoginPageTest.login(LoginPageTest.java:27)
at java.base/java.util.ArrayList.forEach(ArrayList.java:1511)
... Removed 25 stack frames]]>
    </failure>
  </testcase> <!-- login -->
</testsuite> <!-- Chrome -->
