<?xml version="1.0" encoding="UTF-8"?>
<!-- Generated by org.testng.reporters.JUnitXMLReporter -->
<testsuite ignored="0" hostname="L-INE-5N15T93" failures="0" tests="7" name="Edge" time="25.082" errors="0" timestamp="2025-07-13T01:14:08 IST">
  <testcase classname="com.E_Commerce.tests.RegistrationPageTest" name="Register" time="1.975"/>
  <testcase classname="com.E_Commerce.tests.RegistrationPageTest" name="Register" time="2.078"/>
  <testcase classname="com.E_Commerce.tests.RegistrationPageTest" name="Register" time="1.949"/>
  <testcase classname="com.E_Commerce.tests.RegistrationPageTest" name="Register" time="1.628"/>
  <testcase classname="com.E_Commerce.tests.RegistrationPageTest" name="Register" time="1.538"/>
  <testcase classname="com.E_Commerce.tests.RegistrationPageTest" name="Register" time="1.559"/>
  <testcase classname="com.E_Commerce.tests.LoginPageTest" name="login" time="1.743"/>
</testsuite> <!-- Edge -->
