<?xml version="1.0" encoding="UTF-8"?>
<testng-results ignored="0" total="6" passed="6" failed="0" skipped="0">
  <reporter-output>
  </reporter-output>
  <suite started-at="2025-10-16T12:49:21 IST" name="Suite" finished-at="2025-10-16T12:50:00 IST" duration-ms="38935">
    <groups>
    </groups>
    <test started-at="2025-10-16T12:49:21 IST" name="Test" finished-at="2025-10-16T12:50:00 IST" duration-ms="38935">
      <class name="com.ecom.Test.RegistrationPageTest">
        <test-method is-config="true" signature="setUp(java.lang.String)[pri:0, instance:com.ecom.Test.RegistrationPageTest@7cbee484]" started-at="2025-10-16T12:49:21 IST" name="setUp" finished-at="2025-10-16T12:49:32 IST" duration-ms="10450" status="PASS">
          <params>
            <param index="0">
              <value>
                <![CDATA[chrome]]>
              </value>
            </param>
          </params>
          <reporter-output>
          </reporter-output>
        </test-method> <!-- setUp -->
        <test-method signature="Register(java.lang.String,java.lang.String,java.lang.String,java.lang.String,java.lang.String,java.lang.String)[pri:0, instance:com.ecom.Test.RegistrationPageTest@7cbee484]" started-at="2025-10-16T12:49:34 IST" name="Register" data-provider="RegistrationData" finished-at="2025-10-16T12:49:38 IST" duration-ms="4072" status="PASS">
          <params>
            <param index="0">
              <value>
                <![CDATA[Male]]>
              </value>
            </param>
            <param index="1">
              <value>
                <![CDATA[Chaitanya]]>
              </value>
            </param>
            <param index="2">
              <value>
                <![CDATA[Tawade]]>
              </value>
            </param>
            <param index="3">
              <value>
                <![CDATA[Chaitanyatawade1@gmail.com]]>
              </value>
            </param>
            <param index="4">
              <value>
                <![CDATA[Abc@123]]>
              </value>
            </param>
            <param index="5">
              <value>
                <![CDATA[Abc@123]]>
              </value>
            </param>
          </params>
          <reporter-output>
          </reporter-output>
        </test-method> <!-- Register -->
        <test-method signature="Register(java.lang.String,java.lang.String,java.lang.String,java.lang.String,java.lang.String,java.lang.String)[pri:0, instance:com.ecom.Test.RegistrationPageTest@7cbee484]" started-at="2025-10-16T12:49:38 IST" name="Register" data-provider="RegistrationData" finished-at="2025-10-16T12:49:45 IST" duration-ms="7737" status="PASS">
          <params>
            <param index="0">
              <value>
                <![CDATA[Male]]>
              </value>
            </param>
            <param index="1">
              <value>
                <![CDATA[Om]]>
              </value>
            </param>
            <param index="2">
              <value>
                <![CDATA[Tawade]]>
              </value>
            </param>
            <param index="3">
              <value>
                <![CDATA[Chaitanyatawade2@gmail.com]]>
              </value>
            </param>
            <param index="4">
              <value>
                <![CDATA[Abc@123]]>
              </value>
            </param>
            <param index="5">
              <value>
                <![CDATA[Abc@123]]>
              </value>
            </param>
          </params>
          <reporter-output>
          </reporter-output>
        </test-method> <!-- Register -->
        <test-method signature="Register(java.lang.String,java.lang.String,java.lang.String,java.lang.String,java.lang.String,java.lang.String)[pri:0, instance:com.ecom.Test.RegistrationPageTest@7cbee484]" started-at="2025-10-16T12:49:46 IST" name="Register" data-provider="RegistrationData" finished-at="2025-10-16T12:49:50 IST" duration-ms="4185" status="PASS">
          <params>
            <param index="0">
              <value>
                <![CDATA[Male]]>
              </value>
            </param>
            <param index="1">
              <value>
                <![CDATA[Nitesh]]>
              </value>
            </param>
            <param index="2">
              <value>
                <![CDATA[Tawade]]>
              </value>
            </param>
            <param index="3">
              <value>
                <![CDATA[Chaitanyatawade1@gmail.com]]>
              </value>
            </param>
            <param index="4">
              <value>
                <![CDATA[Abc@123]]>
              </value>
            </param>
            <param index="5">
              <value>
                <![CDATA[Abc@123]]>
              </value>
            </param>
          </params>
          <reporter-output>
          </reporter-output>
        </test-method> <!-- Register -->
        <test-method signature="Register(java.lang.String,java.lang.String,java.lang.String,java.lang.String,java.lang.String,java.lang.String)[pri:0, instance:com.ecom.Test.RegistrationPageTest@7cbee484]" started-at="2025-10-16T12:49:50 IST" name="Register" data-provider="RegistrationData" finished-at="2025-10-16T12:49:53 IST" duration-ms="3767" status="PASS">
          <params>
            <param index="0">
              <value>
                <![CDATA[Female]]>
              </value>
            </param>
            <param index="1">
              <value>
                <![CDATA[Jyoti]]>
              </value>
            </param>
            <param index="2">
              <value>
                <![CDATA[Tawade]]>
              </value>
            </param>
            <param index="3">
              <value>
                <![CDATA[Chaitanyatawade2@gmail.com]]>
              </value>
            </param>
            <param index="4">
              <value>
                <![CDATA[Abc@123]]>
              </value>
            </param>
            <param index="5">
              <value>
                <![CDATA[Abc@123]]>
              </value>
            </param>
          </params>
          <reporter-output>
          </reporter-output>
        </test-method> <!-- Register -->
        <test-method signature="Register(java.lang.String,java.lang.String,java.lang.String,java.lang.String,java.lang.String,java.lang.String)[pri:0, instance:com.ecom.Test.RegistrationPageTest@7cbee484]" started-at="2025-10-16T12:49:53 IST" name="Register" data-provider="RegistrationData" finished-at="2025-10-16T12:49:57 IST" duration-ms="3046" status="PASS">
          <params>
            <param index="0">
              <value>
                <![CDATA[Male]]>
              </value>
            </param>
            <param index="1">
              <value>
                <![CDATA[Deepak]]>
              </value>
            </param>
            <param index="2">
              <value>
                <![CDATA[Tawade]]>
              </value>
            </param>
            <param index="3">
              <value>
                <![CDATA[Chaitanyatawade1@gmail.com]]>
              </value>
            </param>
            <param index="4">
              <value>
                <![CDATA[Abc@123]]>
              </value>
            </param>
            <param index="5">
              <value>
                <![CDATA[Abc@123]]>
              </value>
            </param>
          </params>
          <reporter-output>
          </reporter-output>
        </test-method> <!-- Register -->
        <test-method signature="Register(java.lang.String,java.lang.String,java.lang.String,java.lang.String,java.lang.String,java.lang.String)[pri:0, instance:com.ecom.Test.RegistrationPageTest@7cbee484]" started-at="2025-10-16T12:49:57 IST" name="Register" data-provider="RegistrationData" finished-at="2025-10-16T12:50:00 IST" duration-ms="3113" status="PASS">
          <params>
            <param index="0">
              <value>
                <![CDATA[Male]]>
              </value>
            </param>
            <param index="1">
              <value>
                <![CDATA[TEST]]>
              </value>
            </param>
            <param index="2">
              <value>
                <![CDATA[Tawade]]>
              </value>
            </param>
            <param index="3">
              <value>
                <![CDATA[Chaitanyatawade2@gmail.com]]>
              </value>
            </param>
            <param index="4">
              <value>
                <![CDATA[Abc@123]]>
              </value>
            </param>
            <param index="5">
              <value>
                <![CDATA[Abc@123]]>
              </value>
            </param>
          </params>
          <reporter-output>
          </reporter-output>
        </test-method> <!-- Register -->
        <test-method is-config="true" signature="tearDown()[pri:0, instance:com.ecom.Test.RegistrationPageTest@7cbee484]" started-at="2025-10-16T12:50:00 IST" name="tearDown" finished-at="2025-10-16T12:50:00 IST" duration-ms="728" status="PASS">
          <reporter-output>
          </reporter-output>
        </test-method> <!-- tearDown -->
      </class> <!-- com.ecom.Test.RegistrationPageTest -->
    </test> <!-- Test -->
  </suite> <!-- Suite -->
</testng-results>
