<?xml version="1.0" encoding="UTF-8"?>
<!-- Generated by org.testng.reporters.JUnitXMLReporter -->
<testsuite ignored="0" hostname="L-INE-5N15T93" failures="0" tests="6" name="Test" time="38.935" errors="0" timestamp="2025-10-16T12:50:01 IST">
  <testcase classname="com.ecom.Test.RegistrationPageTest" name="Register" time="4.072"/>
  <testcase classname="com.ecom.Test.RegistrationPageTest" name="Register" time="7.737"/>
  <testcase classname="com.ecom.Test.RegistrationPageTest" name="Register" time="4.185"/>
  <testcase classname="com.ecom.Test.RegistrationPageTest" name="Register" time="3.767"/>
  <testcase classname="com.ecom.Test.RegistrationPageTest" name="Register" time="3.046"/>
  <testcase classname="com.ecom.Test.RegistrationPageTest" name="Register" time="3.113"/>
</testsuite> <!-- Test -->
